#
# There is insufficient memory for the Java Runtime Environment to continue.
# Native memory allocation (malloc) failed to allocate 1272112 bytes for Chunk::new
# Possible reasons:
#   The system is out of physical RAM or swap space
#   The process is running with CompressedOops enabled, and the Java Heap may be blocking the growth of the native heap
# Possible solutions:
#   Reduce memory load on the system
#   Increase physical memory or swap space
#   Check if swap backing store is full
#   Decrease Java heap size (-Xmx/-Xms)
#   Decrease number of Java threads
#   Decrease Java thread stack sizes (-Xss)
#   Set larger code cache with -XX:ReservedCodeCacheSize=
#   JVM is running with Unscaled Compressed Oops mode in which the Java heap is
#     placed in the first 4GB address space. The Java Heap base address is the
#     maximum limit for the native heap growth. Please use -XX:HeapBaseMinAddress
#     to set the Java Heap base and to place the Java Heap above 4GB virtual address.
# This output file may be truncated or incomplete.
#
#  Out of Memory Error (allocation.cpp:389), pid=4792, tid=0x0000000000000a8c
#
# JRE version: OpenJDK Runtime Environment (8.0_362-b08) (build 1.8.0_362-b08)
# Java VM: OpenJDK 64-Bit Server VM (25.362-b08 mixed mode windows-amd64 compressed oops)
# Failed to write core dump. Minidumps are not enabled by default on client versions of Windows
#

---------------  T H R E A D  ---------------

Current thread (0x0000022b2d741800):  JavaThread "C2 CompilerThread1" daemon [_thread_in_native, id=2700, stack(0x000000338dd00000,0x000000338de00000)]

Stack: [0x000000338dd00000,0x000000338de00000]
[error occurred during error reporting (printing stack bounds), id 0xc0000005]

Native frames: (J=compiled Java code, j=interpreted, Vv=VM code, C=native code)


Current CompileTask:
C2:  14442 5525 %     4       groovy.lang.MetaClassImpl::inheritInterfaceNewMetaMethods @ 45 (199 bytes)


---------------  P R O C E S S  ---------------

Java Threads: ( => current thread )
  0x0000022b324c0800 JavaThread "Memory manager" [_thread_blocked, id=2516, stack(0x0000003395e00000,0x0000003395f00000)]
  0x0000022b324c3000 JavaThread "jar transforms Thread 99" [_thread_blocked, id=756, stack(0x0000003395d00000,0x0000003395e00000)]
  0x0000022b324c2000 JavaThread "jar transforms Thread 98" [_thread_blocked, id=7828, stack(0x0000003395c00000,0x0000003395d00000)]
  0x0000022b324c1800 JavaThread "jar transforms Thread 97" [_thread_blocked, id=15932, stack(0x0000003395b00000,0x0000003395c00000)]
  0x0000022b324c3800 JavaThread "jar transforms Thread 96" [_thread_blocked, id=15740, stack(0x0000003395a00000,0x0000003395b00000)]
  0x0000022b324bf000 JavaThread "jar transforms Thread 95" [_thread_blocked, id=2384, stack(0x0000003395900000,0x0000003395a00000)]
  0x0000022b3166c000 JavaThread "jar transforms Thread 94" [_thread_blocked, id=13612, stack(0x0000003395800000,0x0000003395900000)]
  0x0000022b3166f000 JavaThread "jar transforms Thread 93" [_thread_blocked, id=2480, stack(0x0000003395700000,0x0000003395800000)]
  0x0000022b3166e800 JavaThread "jar transforms Thread 92" [_thread_blocked, id=10668, stack(0x0000003395600000,0x0000003395700000)]
  0x0000022b3166b800 JavaThread "jar transforms Thread 91" [_thread_blocked, id=9552, stack(0x0000003395500000,0x0000003395600000)]
  0x0000022b3166d800 JavaThread "jar transforms Thread 90" [_thread_blocked, id=4160, stack(0x0000003395400000,0x0000003395500000)]
  0x0000022b31669000 JavaThread "jar transforms Thread 89" [_thread_blocked, id=5268, stack(0x0000003395300000,0x0000003395400000)]
  0x0000022b3166a800 JavaThread "jar transforms Thread 88" [_thread_blocked, id=14504, stack(0x0000003395200000,0x0000003395300000)]
  0x0000022b31669800 JavaThread "jar transforms Thread 87" [_thread_blocked, id=12376, stack(0x0000003395100000,0x0000003395200000)]
  0x0000022b3166d000 JavaThread "jar transforms Thread 86" [_thread_blocked, id=6812, stack(0x0000003395000000,0x0000003395100000)]
  0x0000022b31661000 JavaThread "jar transforms Thread 85" [_thread_blocked, id=16264, stack(0x0000003394f00000,0x0000003395000000)]
  0x0000022b31668000 JavaThread "jar transforms Thread 84" [_thread_blocked, id=7800, stack(0x0000003394e00000,0x0000003394f00000)]
  0x0000022b31667800 JavaThread "jar transforms Thread 83" [_thread_blocked, id=16248, stack(0x0000003394d00000,0x0000003394e00000)]
  0x0000022b31666800 JavaThread "jar transforms Thread 82" [_thread_blocked, id=11176, stack(0x0000003394c00000,0x0000003394d00000)]
  0x0000022b31665000 JavaThread "jar transforms Thread 81" [_thread_blocked, id=12416, stack(0x0000003394b00000,0x0000003394c00000)]
  0x0000022b31664000 JavaThread "jar transforms Thread 80" [_thread_blocked, id=4628, stack(0x0000003394a00000,0x0000003394b00000)]
  0x0000022b31662800 JavaThread "jar transforms Thread 79" [_thread_blocked, id=8660, stack(0x0000003394900000,0x0000003394a00000)]
  0x0000022b31666000 JavaThread "jar transforms Thread 78" [_thread_blocked, id=12148, stack(0x0000003394800000,0x0000003394900000)]
  0x0000022b31660800 JavaThread "jar transforms Thread 77" [_thread_blocked, id=3816, stack(0x0000003394700000,0x0000003394800000)]
  0x0000022b31663800 JavaThread "jar transforms Thread 76" [_thread_blocked, id=8460, stack(0x0000003394600000,0x0000003394700000)]
  0x0000022b31662000 JavaThread "jar transforms Thread 75" [_thread_blocked, id=9480, stack(0x0000003394500000,0x0000003394600000)]
  0x0000022b32066800 JavaThread "jar transforms Thread 74" [_thread_blocked, id=7108, stack(0x0000003394400000,0x0000003394500000)]
  0x0000022b32065800 JavaThread "jar transforms Thread 73" [_thread_blocked, id=6728, stack(0x0000003394300000,0x0000003394400000)]
  0x0000022b32065000 JavaThread "jar transforms Thread 72" [_thread_blocked, id=8228, stack(0x0000003394200000,0x0000003394300000)]
  0x0000022b32064000 JavaThread "jar transforms Thread 71" [_thread_blocked, id=2220, stack(0x0000003394100000,0x0000003394200000)]
  0x0000022b32068000 JavaThread "jar transforms Thread 70" [_thread_blocked, id=4024, stack(0x0000003394000000,0x0000003394100000)]
  0x0000022b32067800 JavaThread "jar transforms Thread 69" [_thread_blocked, id=11940, stack(0x0000003393f00000,0x0000003394000000)]
  0x0000022b3205c800 JavaThread "jar transforms Thread 68" [_thread_blocked, id=16104, stack(0x0000003393e00000,0x0000003393f00000)]
  0x0000022b32063800 JavaThread "jar transforms Thread 67" [_thread_blocked, id=13236, stack(0x0000003393d00000,0x0000003393e00000)]
  0x0000022b32062000 JavaThread "jar transforms Thread 66" [_thread_blocked, id=16196, stack(0x0000003393c00000,0x0000003393d00000)]
  0x0000022b32061000 JavaThread "jar transforms Thread 65" [_thread_blocked, id=8680, stack(0x0000003393b00000,0x0000003393c00000)]
  0x0000022b32060000 JavaThread "jar transforms Thread 64" [_thread_blocked, id=13052, stack(0x0000003393a00000,0x0000003393b00000)]
  0x0000022b32062800 JavaThread "jar transforms Thread 63" [_thread_blocked, id=3792, stack(0x0000003393900000,0x0000003393a00000)]
  0x0000022b3205e800 JavaThread "jar transforms Thread 62" [_thread_blocked, id=11048, stack(0x0000003393800000,0x0000003393900000)]
  0x0000022b3205b800 JavaThread "jar transforms Thread 61" [_thread_blocked, id=1004, stack(0x0000003393700000,0x0000003393800000)]
  0x0000022b3205d000 JavaThread "jar transforms Thread 60" [_thread_blocked, id=7672, stack(0x0000003393600000,0x0000003393700000)]
  0x0000022b3205a800 JavaThread "jar transforms Thread 59" [_thread_blocked, id=8376, stack(0x0000003393500000,0x0000003393600000)]
  0x0000022b3205a000 JavaThread "jar transforms Thread 58" [_thread_blocked, id=8404, stack(0x0000003393400000,0x0000003393500000)]
  0x0000022b3205f800 JavaThread "jar transforms Thread 57" [_thread_blocked, id=13636, stack(0x0000003393300000,0x0000003393400000)]
  0x0000022b3205e000 JavaThread "jar transforms Thread 56" [_thread_blocked, id=11100, stack(0x0000003393200000,0x0000003393300000)]
  0x0000022b32059000 JavaThread "jar transforms Thread 55" [_thread_blocked, id=10072, stack(0x0000003393100000,0x0000003393200000)]
  0x0000022b33829000 JavaThread "jar transforms Thread 54" [_thread_blocked, id=12804, stack(0x0000003393000000,0x0000003393100000)]
  0x0000022b33827000 JavaThread "jar transforms Thread 53" [_thread_blocked, id=3904, stack(0x0000003392f00000,0x0000003393000000)]
  0x0000022b33826800 JavaThread "jar transforms Thread 52" [_thread_blocked, id=8596, stack(0x0000003392e00000,0x0000003392f00000)]
  0x0000022b33825800 JavaThread "jar transforms Thread 51" [_thread_blocked, id=16372, stack(0x0000003392d00000,0x0000003392e00000)]
  0x0000022b33823800 JavaThread "jar transforms Thread 50" [_thread_blocked, id=9928, stack(0x0000003392c00000,0x0000003392d00000)]
  0x0000022b33825000 JavaThread "jar transforms Thread 49" [_thread_blocked, id=15468, stack(0x0000003392b00000,0x0000003392c00000)]
  0x0000022b33824000 JavaThread "jar transforms Thread 48" [_thread_blocked, id=11644, stack(0x0000003392a00000,0x0000003392b00000)]
  0x0000022b33829800 JavaThread "jar transforms Thread 47" [_thread_blocked, id=6160, stack(0x0000003392900000,0x0000003392a00000)]
  0x0000022b3382a800 JavaThread "jar transforms Thread 46" [_thread_blocked, id=7952, stack(0x0000003392800000,0x0000003392900000)]
  0x0000022b33828000 JavaThread "jar transforms Thread 45" [_thread_blocked, id=14192, stack(0x0000003392700000,0x0000003392800000)]
  0x0000022b3381b800 JavaThread "jar transforms Thread 44" [_thread_blocked, id=12108, stack(0x0000003392600000,0x0000003392700000)]
  0x0000022b33821000 JavaThread "jar transforms Thread 43" [_thread_blocked, id=8744, stack(0x0000003392500000,0x0000003392600000)]
  0x0000022b3381f800 JavaThread "jar transforms Thread 42" [_thread_blocked, id=12660, stack(0x0000003392400000,0x0000003392500000)]
  0x0000022b33822800 JavaThread "jar transforms Thread 41" [_thread_blocked, id=13624, stack(0x0000003392300000,0x0000003392400000)]
  0x0000022b33821800 JavaThread "jar transforms Thread 40" [_thread_blocked, id=11196, stack(0x0000003392200000,0x0000003392300000)]
  0x0000022b3381d000 JavaThread "jar transforms Thread 39" [_thread_blocked, id=2912, stack(0x0000003392100000,0x0000003392200000)]
  0x0000022b3381e000 JavaThread "jar transforms Thread 38" [_thread_blocked, id=14740, stack(0x0000003392000000,0x0000003392100000)]
  0x0000022b3381e800 JavaThread "jar transforms Thread 37" [_thread_blocked, id=12080, stack(0x0000003391f00000,0x0000003392000000)]
  0x0000022b33820000 JavaThread "jar transforms Thread 36" [_thread_blocked, id=5440, stack(0x0000003391e00000,0x0000003391f00000)]
  0x0000022b3381c000 JavaThread "jar transforms Thread 35" [_thread_blocked, id=10904, stack(0x0000003391d00000,0x0000003391e00000)]
  0x0000022b31c6c000 JavaThread "jar transforms Thread 34" [_thread_blocked, id=16304, stack(0x0000003391c00000,0x0000003391d00000)]
  0x0000022b31c6b000 JavaThread "jar transforms Thread 33" [_thread_blocked, id=2408, stack(0x0000003391b00000,0x0000003391c00000)]
  0x0000022b31c6c800 JavaThread "jar transforms Thread 32" [_thread_blocked, id=8360, stack(0x0000003391a00000,0x0000003391b00000)]
  0x0000022b31c6d800 JavaThread "jar transforms Thread 31" [_thread_blocked, id=1616, stack(0x0000003391900000,0x0000003391a00000)]
  0x0000022b31c6a800 JavaThread "jar transforms Thread 30" [_thread_blocked, id=564, stack(0x0000003391800000,0x0000003391900000)]
  0x0000022b31c6e000 JavaThread "jar transforms Thread 29" [_thread_blocked, id=2804, stack(0x0000003391700000,0x0000003391800000)]
  0x0000022b31c62800 JavaThread "jar transforms Thread 28" [_thread_blocked, id=10888, stack(0x0000003391600000,0x0000003391700000)]
  0x0000022b31c69800 JavaThread "jar transforms Thread 27" [_thread_blocked, id=10616, stack(0x0000003391500000,0x0000003391600000)]
  0x0000022b31c61800 JavaThread "jar transforms Thread 26" [_thread_blocked, id=3592, stack(0x0000003391400000,0x0000003391500000)]
  0x0000022b31c68800 JavaThread "jar transforms Thread 25" [_thread_blocked, id=7900, stack(0x0000003391300000,0x0000003391400000)]
  0x0000022b31c67000 JavaThread "jar transforms Thread 24" [_thread_blocked, id=16072, stack(0x0000003391200000,0x0000003391300000)]
  0x0000022b31c65000 JavaThread "jar transforms Thread 23" [_thread_blocked, id=13952, stack(0x0000003391100000,0x0000003391200000)]
  0x0000022b31c65800 JavaThread "jar transforms Thread 22" [_thread_blocked, id=16200, stack(0x0000003391000000,0x0000003391100000)]
  0x0000022b31c64000 JavaThread "jar transforms Thread 21" [_thread_blocked, id=10052, stack(0x0000003390f00000,0x0000003391000000)]
  0x0000022b31c63000 JavaThread "jar transforms Thread 20" [_thread_blocked, id=13592, stack(0x0000003390e00000,0x0000003390f00000)]
  0x0000022b31c68000 JavaThread "jar transforms Thread 19" [_thread_blocked, id=10456, stack(0x0000003390d00000,0x0000003390e00000)]
  0x0000022b31c5f800 JavaThread "jar transforms Thread 18" [_thread_blocked, id=16100, stack(0x0000003390c00000,0x0000003390d00000)]
  0x0000022b31c60000 JavaThread "jar transforms Thread 17" [_thread_blocked, id=12144, stack(0x0000003390b00000,0x0000003390c00000)]
  0x0000022b31c61000 JavaThread "jar transforms Thread 16" [_thread_blocked, id=9616, stack(0x0000003390a00000,0x0000003390b00000)]
  0x0000022b31c66800 JavaThread "jar transforms Thread 15" [_thread_blocked, id=4292, stack(0x0000003390900000,0x0000003390a00000)]
  0x0000022b33200000 JavaThread "jar transforms Thread 14" [_thread_blocked, id=14028, stack(0x0000003390800000,0x0000003390900000)]
  0x0000022b331ff800 JavaThread "jar transforms Thread 13" [_thread_blocked, id=3572, stack(0x0000003390700000,0x0000003390800000)]
  0x0000022b331fe800 JavaThread "jar transforms Thread 12" [_thread_blocked, id=2840, stack(0x0000003390600000,0x0000003390700000)]
  0x0000022b331fe000 JavaThread "jar transforms Thread 11" [_thread_blocked, id=5048, stack(0x0000003390500000,0x0000003390600000)]
  0x0000022b331f6000 JavaThread "jar transforms Thread 10" [_thread_blocked, id=6788, stack(0x0000003390400000,0x0000003390500000)]
  0x0000022b331f7000 JavaThread "jar transforms Thread 9" [_thread_blocked, id=16132, stack(0x0000003390300000,0x0000003390400000)]
  0x0000022b331fd000 JavaThread "jar transforms Thread 8" [_thread_blocked, id=10512, stack(0x0000003390200000,0x0000003390300000)]
  0x0000022b331fa800 JavaThread "jar transforms Thread 7" [_thread_blocked, id=992, stack(0x0000003390100000,0x0000003390200000)]
  0x0000022b331fa000 JavaThread "jar transforms Thread 6" [_thread_blocked, id=2560, stack(0x0000003390000000,0x0000003390100000)]
  0x0000022b331fc800 JavaThread "jar transforms Thread 5" [_thread_blocked, id=11592, stack(0x000000338ff00000,0x0000003390000000)]
  0x0000022b331fb800 JavaThread "jar transforms Thread 4" [_thread_blocked, id=14644, stack(0x000000338fe00000,0x000000338ff00000)]
  0x0000022b331f7800 JavaThread "jar transforms Thread 3" [_thread_blocked, id=7644, stack(0x000000338fd00000,0x000000338fe00000)]
  0x0000022b331f9000 JavaThread "jar transforms Thread 2" [_thread_blocked, id=8288, stack(0x000000338fc00000,0x000000338fd00000)]
  0x0000022b331f8800 JavaThread "Build operations Thread 4" [_thread_blocked, id=5840, stack(0x000000338fb00000,0x000000338fc00000)]
  0x0000022b331f2000 JavaThread "Build operations Thread 3" [_thread_blocked, id=8684, stack(0x000000338fa00000,0x000000338fb00000)]
  0x0000022b331f5000 JavaThread "Build operations Thread 2" [_thread_blocked, id=8832, stack(0x000000338f900000,0x000000338fa00000)]
  0x0000022b331f4800 JavaThread "Build operations" [_thread_blocked, id=6088, stack(0x000000338f800000,0x000000338f900000)]
  0x0000022b331f3800 JavaThread "Cache worker for Build Output Cleanup Cache (D:\Projects\Fire and Smoke Alert System\FireandSmokeAlertSystem\.gradle\buildOutputCleanup)" [_thread_blocked, id=15100, stack(0x000000338f700000,0x000000338f800000)]
  0x0000022b30dbd000 JavaThread "Cache worker for file content cache (C:\Users\Marlou\.gradle\caches\6.7.1\fileContent)" [_thread_blocked, id=9668, stack(0x000000338f600000,0x000000338f700000)]
  0x0000022b30dbc000 JavaThread "jar transforms" [_thread_blocked, id=13076, stack(0x000000338f500000,0x000000338f600000)]
  0x0000022b30dbe800 JavaThread "Cache worker for execution history cache (C:\Users\Marlou\.gradle\caches\6.7.1\executionHistory)" [_thread_blocked, id=3140, stack(0x000000338f400000,0x000000338f500000)]
  0x0000022b30dbb800 JavaThread "Cache worker for cache directory md-rule (C:\Users\Marlou\.gradle\caches\6.7.1\md-rule)" [_thread_blocked, id=15000, stack(0x000000338f300000,0x000000338f400000)]
  0x0000022b30dc1800 JavaThread "Cache worker for cache directory md-supplier (C:\Users\Marlou\.gradle\caches\6.7.1\md-supplier)" [_thread_blocked, id=8356, stack(0x000000338f200000,0x000000338f300000)]
  0x0000022b30dc1000 JavaThread "Cache worker for checksums cache (D:\Projects\Fire and Smoke Alert System\FireandSmokeAlertSystem\.gradle\checksums)" [_thread_blocked, id=10312, stack(0x000000338f100000,0x000000338f200000)]
  0x0000022b30dc0000 JavaThread "Cache worker for file hash cache (D:\Projects\Fire and Smoke Alert System\FireandSmokeAlertSystem\.gradle\6.7.1\fileHashes)" [_thread_blocked, id=3776, stack(0x000000338f000000,0x000000338f100000)]
  0x0000022b30dbf800 JavaThread "Cache worker for journal cache (C:\Users\Marlou\.gradle\caches\journal-1)" [_thread_blocked, id=12784, stack(0x000000338ef00000,0x000000338f000000)]
  0x0000022b30dba800 JavaThread "File lock request listener" [_thread_in_native, id=14120, stack(0x000000338ee00000,0x000000338ef00000)]
  0x0000022b30dbe000 JavaThread "Cache worker for file hash cache (C:\Users\Marlou\.gradle\caches\6.7.1\fileHashes)" [_thread_blocked, id=9256, stack(0x000000338ed00000,0x000000338ee00000)]
  0x0000022b2fd59000 JavaThread "Thread-9" [_thread_blocked, id=1932, stack(0x000000338ec00000,0x000000338ed00000)]
  0x0000022b2fbc3800 JavaThread "Stdin handler" [_thread_blocked, id=2140, stack(0x000000338eb00000,0x000000338ec00000)]
  0x0000022b2fc23000 JavaThread "Asynchronous log dispatcher for DefaultDaemonConnection: socket connection from /127.0.0.1:52506 to /127.0.0.1:52507" [_thread_blocked, id=10916, stack(0x000000338ea00000,0x000000338eb00000)]
  0x0000022b2fbc6800 JavaThread "Daemon worker" [_thread_in_vm, id=10316, stack(0x000000338e900000,0x000000338ea00000)]
  0x0000022b2fbc9000 JavaThread "Cancel handler" [_thread_blocked, id=12880, stack(0x000000338e800000,0x000000338e900000)]
  0x0000022b2e778800 JavaThread "Handler for socket connection from /127.0.0.1:52506 to /127.0.0.1:52507" [_thread_in_native, id=1300, stack(0x000000338e700000,0x000000338e800000)]
  0x0000022b2fa3a000 JavaThread "Daemon" [_thread_blocked, id=10968, stack(0x000000338e600000,0x000000338e700000)]
  0x0000022b2fa39000 JavaThread "Daemon periodic checks" [_thread_blocked, id=14468, stack(0x000000338e500000,0x000000338e600000)]
  0x0000022b2fb25800 JavaThread "Incoming local TCP Connector on port 52506" [_thread_in_native, id=8312, stack(0x000000338e400000,0x000000338e500000)]
  0x0000022b2fa72000 JavaThread "Daemon health stats" [_thread_blocked, id=4008, stack(0x000000338e100000,0x000000338e200000)]
  0x0000022b2d78a000 JavaThread "Service Thread" daemon [_thread_blocked, id=9120, stack(0x000000338df00000,0x000000338e000000)]
  0x0000022b2d742800 JavaThread "C1 CompilerThread2" daemon [_thread_blocked, id=560, stack(0x000000338de00000,0x000000338df00000)]
=>0x0000022b2d741800 JavaThread "C2 CompilerThread1" daemon [_thread_in_native, id=2700, stack(0x000000338dd00000,0x000000338de00000)]
  0x0000022b2d73e000 JavaThread "C2 CompilerThread0" daemon [_thread_in_native, id=1644, stack(0x000000338dc00000,0x000000338dd00000)]
  0x0000022b2d730800 JavaThread "Attach Listener" daemon [_thread_blocked, id=9304, stack(0x000000338db00000,0x000000338dc00000)]
  0x0000022b2d72f000 JavaThread "Signal Dispatcher" daemon [_thread_blocked, id=16324, stack(0x000000338da00000,0x000000338db00000)]
  0x0000022b1719e000 JavaThread "Finalizer" daemon [_thread_blocked, id=13664, stack(0x000000338d900000,0x000000338da00000)]
  0x0000022b2d706000 JavaThread "Reference Handler" daemon [_thread_blocked, id=5584, stack(0x000000338d800000,0x000000338d900000)]
  0x0000022b16f6d000 JavaThread "main" [_thread_blocked, id=9000, stack(0x000000338d200000,0x000000338d300000)]

Other Threads:
  0x0000022b2d6e2800 VMThread [stack: 0x000000338d700000,0x000000338d800000] [id=11464]
  0x0000022b2d78d800 WatcherThread [stack: 0x000000338e000000,0x000000338e100000] [id=3676]

VM state:not at safepoint (normal execution)

VM Mutex/Monitor currently owned by a thread:  ([mutex/lock_event])
[0x0000022b16f6c680] SystemDictionary_lock - owner thread: 0x0000000000000000

heap address: 0x0000000080000000, size: 2048 MB, Compressed Oops mode: 32-bit
Narrow klass base: 0x0000000000000000, Narrow klass shift: 3
Compressed class space size: 1073741824 Address: 0x0000000100000000

Heap:
 PSYoungGen      total 198656K, used 29363K [0x00000000d5580000, 0x00000000e3380000, 0x0000000100000000)
  eden space 181760K, 16% used [0x00000000d5580000,0x00000000d722cf10,0x00000000e0700000)
  from space 16896K, 0% used [0x00000000e1b80000,0x00000000e1b80000,0x00000000e2c00000)
  to   space 20992K, 0% used [0x00000000e0700000,0x00000000e0700000,0x00000000e1b80000)
 ParOldGen       total 137728K, used 36327K [0x0000000080000000, 0x0000000088680000, 0x00000000d5580000)
  object space 137728K, 26% used [0x0000000080000000,0x0000000082379fc0,0x0000000088680000)
 Metaspace       used 58153K, capacity 60546K, committed 60672K, reserved 1101824K
  class space    used 8200K, capacity 8685K, committed 8704K, reserved 1048576K

Card table byte_map: [0x0000022b27d20000,0x0000022b28130000] byte_map_base: 0x0000022b27920000

Marking Bits: (ParMarkBitMap*) 0x0000000052836830
 Begin Bits: [0x0000022b283e0000, 0x0000022b2a3e0000)
 End Bits:   [0x0000022b2a3e0000, 0x0000022b2c3e0000)

Polling page: 0x0000022b17040000

CodeCache: size=245760Kb used=18251Kb max_used=18390Kb free=227508Kb
 bounds [0x0000022b18960000, 0x0000022b19b70000, 0x0000022b27960000]
 total_blobs=5997 nmethods=5228 adapters=680
 compilation: enabled

Compilation events (10 events):
Event: 14.414 Thread 0x0000022b2d742800 5698       3       sun.misc.ProxyGenerator::access$1100 (5 bytes)
Event: 14.414 Thread 0x0000022b2d742800 nmethod 5698 0x0000022b18ee1890 code [0x0000022b18ee1a00, 0x0000022b18ee1b70]
Event: 14.415 Thread 0x0000022b2d742800 5700       1       org.gradle.internal.instantiation.generator.AbstractClassGenerator$PropertyMetadata::access$2100 (5 bytes)
Event: 14.415 Thread 0x0000022b2d742800 nmethod 5700 0x0000022b18d7bc90 code [0x0000022b18d7bde0, 0x0000022b18d7bed8]
Event: 14.416 Thread 0x0000022b2d742800 5701       3       org.objectweb.asm.ByteVector::putInt (74 bytes)
Event: 14.416 Thread 0x0000022b2d742800 nmethod 5701 0x0000022b19360b90 code [0x0000022b19360d00, 0x0000022b19360f90]
Event: 14.420 Thread 0x0000022b2d742800 5702       3       sun.misc.ProxyGenerator$ProxyMethod::generateMethod (733 bytes)
Event: 14.428 Thread 0x0000022b2d742800 nmethod 5702 0x0000022b19b59bd0 code [0x0000022b19b5aa00, 0x0000022b19b64b30]
Event: 14.435 Thread 0x0000022b2d742800 5705       3       java.util.LinkedHashMap::get (33 bytes)
Event: 14.435 Thread 0x0000022b2d742800 nmethod 5705 0x0000022b194e1e10 code [0x0000022b194e1fa0, 0x0000022b194e24b0]

GC Heap History (10 events):
Event: 6.487 GC heap before
{Heap before GC invocations=11 (full 2):
 PSYoungGen      total 136704K, used 10225K [0x00000000d5580000, 0x00000000dfe80000, 0x0000000100000000)
  eden space 126464K, 0% used [0x00000000d5580000,0x00000000d5580000,0x00000000dd100000)
  from space 10240K, 99% used [0x00000000dd100000,0x00000000ddafc438,0x00000000ddb00000)
  to   space 11776K, 0% used [0x00000000df300000,0x00000000df300000,0x00000000dfe80000)
 ParOldGen       total 56320K, used 9204K [0x0000000080000000, 0x0000000083700000, 0x00000000d5580000)
  object space 56320K, 16% used [0x0000000080000000,0x00000000808fd248,0x0000000083700000)
 Metaspace       used 34273K, capacity 35358K, committed 35496K, reserved 1079296K
  class space    used 4780K, capacity 5041K, committed 5120K, reserved 1048576K
Event: 6.557 GC heap after
Heap after GC invocations=11 (full 2):
 PSYoungGen      total 136704K, used 0K [0x00000000d5580000, 0x00000000dfe80000, 0x0000000100000000)
  eden space 126464K, 0% used [0x00000000d5580000,0x00000000d5580000,0x00000000dd100000)
  from space 10240K, 0% used [0x00000000dd100000,0x00000000dd100000,0x00000000ddb00000)
  to   space 11776K, 0% used [0x00000000df300000,0x00000000df300000,0x00000000dfe80000)
 ParOldGen       total 89600K, used 18049K [0x0000000080000000, 0x0000000085780000, 0x00000000d5580000)
  object space 89600K, 20% used [0x0000000080000000,0x00000000811a0650,0x0000000085780000)
 Metaspace       used 34273K, capacity 35358K, committed 35496K, reserved 1079296K
  class space    used 4780K, capacity 5041K, committed 5120K, reserved 1048576K
}
Event: 8.221 GC heap before
{Heap before GC invocations=12 (full 2):
 PSYoungGen      total 136704K, used 126464K [0x00000000d5580000, 0x00000000dfe80000, 0x0000000100000000)
  eden space 126464K, 100% used [0x00000000d5580000,0x00000000dd100000,0x00000000dd100000)
  from space 10240K, 0% used [0x00000000dd100000,0x00000000dd100000,0x00000000ddb00000)
  to   space 11776K, 0% used [0x00000000df300000,0x00000000df300000,0x00000000dfe80000)
 ParOldGen       total 89600K, used 18049K [0x0000000080000000, 0x0000000085780000, 0x00000000d5580000)
  object space 89600K, 20% used [0x0000000080000000,0x00000000811a0650,0x0000000085780000)
 Metaspace       used 38097K, capacity 39668K, committed 39680K, reserved 1083392K
  class space    used 5324K, capacity 5632K, committed 5632K, reserved 1048576K
Event: 8.229 GC heap after
Heap after GC invocations=12 (full 2):
 PSYoungGen      total 161280K, used 7294K [0x00000000d5580000, 0x00000000e0680000, 0x0000000100000000)
  eden space 149504K, 0% used [0x00000000d5580000,0x00000000d5580000,0x00000000de780000)
  from space 11776K, 61% used [0x00000000df300000,0x00000000dfa1f9d8,0x00000000dfe80000)
  to   space 11776K, 0% used [0x00000000de780000,0x00000000de780000,0x00000000df300000)
 ParOldGen       total 89600K, used 18057K [0x0000000080000000, 0x0000000085780000, 0x00000000d5580000)
  object space 89600K, 20% used [0x0000000080000000,0x00000000811a2650,0x0000000085780000)
 Metaspace       used 38097K, capacity 39668K, committed 39680K, reserved 1083392K
  class space    used 5324K, capacity 5632K, committed 5632K, reserved 1048576K
}
Event: 11.493 GC heap before
{Heap before GC invocations=13 (full 2):
 PSYoungGen      total 161280K, used 156798K [0x00000000d5580000, 0x00000000e0680000, 0x0000000100000000)
  eden space 149504K, 100% used [0x00000000d5580000,0x00000000de780000,0x00000000de780000)
  from space 11776K, 61% used [0x00000000df300000,0x00000000dfa1f9d8,0x00000000dfe80000)
  to   space 11776K, 0% used [0x00000000de780000,0x00000000de780000,0x00000000df300000)
 ParOldGen       total 89600K, used 18057K [0x0000000080000000, 0x0000000085780000, 0x00000000d5580000)
  object space 89600K, 20% used [0x0000000080000000,0x00000000811a2650,0x0000000085780000)
 Metaspace       used 51670K, capacity 53716K, committed 53888K, reserved 1095680K
  class space    used 7099K, capacity 7497K, committed 7552K, reserved 1048576K
Event: 11.541 GC heap after
Heap after GC invocations=13 (full 2):
 PSYoungGen      total 161280K, used 11748K [0x00000000d5580000, 0x00000000e2c00000, 0x0000000100000000)
  eden space 149504K, 0% used [0x00000000d5580000,0x00000000d5580000,0x00000000de780000)
  from space 11776K, 99% used [0x00000000de780000,0x00000000df2f9320,0x00000000df300000)
  to   space 16896K, 0% used [0x00000000e1b80000,0x00000000e1b80000,0x00000000e2c00000)
 ParOldGen       total 89600K, used 28064K [0x0000000080000000, 0x0000000085780000, 0x00000000d5580000)
  object space 89600K, 31% used [0x0000000080000000,0x0000000081b683b0,0x0000000085780000)
 Metaspace       used 51670K, capacity 53716K, committed 53888K, reserved 1095680K
  class space    used 7099K, capacity 7497K, committed 7552K, reserved 1048576K
}
Event: 13.836 GC heap before
{Heap before GC invocations=14 (full 2):
 PSYoungGen      total 161280K, used 102364K [0x00000000d5580000, 0x00000000e2c00000, 0x0000000100000000)
  eden space 149504K, 60% used [0x00000000d5580000,0x00000000dadfe070,0x00000000de780000)
  from space 11776K, 99% used [0x00000000de780000,0x00000000df2f9320,0x00000000df300000)
  to   space 16896K, 0% used [0x00000000e1b80000,0x00000000e1b80000,0x00000000e2c00000)
 ParOldGen       total 89600K, used 28064K [0x0000000080000000, 0x0000000085780000, 0x00000000d5580000)
  object space 89600K, 31% used [0x0000000080000000,0x0000000081b683b0,0x0000000085780000)
 Metaspace       used 56937K, capacity 59094K, committed 59136K, reserved 1099776K
  class space    used 7985K, capacity 8441K, committed 8448K, reserved 1048576K
Event: 13.872 GC heap after
Heap after GC invocations=14 (full 2):
 PSYoungGen      total 198656K, used 16895K [0x00000000d5580000, 0x00000000e3380000, 0x0000000100000000)
  eden space 181760K, 0% used [0x00000000d5580000,0x00000000d5580000,0x00000000e0700000)
  from space 16896K, 99% used [0x00000000e1b80000,0x00000000e2bffc40,0x00000000e2c00000)
  to   space 20992K, 0% used [0x00000000e0700000,0x00000000e0700000,0x00000000e1b80000)
 ParOldGen       total 89600K, used 33158K [0x0000000080000000, 0x0000000085780000, 0x00000000d5580000)
  object space 89600K, 37% used [0x0000000080000000,0x0000000082061b78,0x0000000085780000)
 Metaspace       used 56937K, capacity 59094K, committed 59136K, reserved 1099776K
  class space    used 7985K, capacity 8441K, committed 8448K, reserved 1048576K
}
Event: 13.872 GC heap before
{Heap before GC invocations=15 (full 3):
 PSYoungGen      total 198656K, used 16895K [0x00000000d5580000, 0x00000000e3380000, 0x0000000100000000)
  eden space 181760K, 0% used [0x00000000d5580000,0x00000000d5580000,0x00000000e0700000)
  from space 16896K, 99% used [0x00000000e1b80000,0x00000000e2bffc40,0x00000000e2c00000)
  to   space 20992K, 0% used [0x00000000e0700000,0x00000000e0700000,0x00000000e1b80000)
 ParOldGen       total 89600K, used 33158K [0x0000000080000000, 0x0000000085780000, 0x00000000d5580000)
  object space 89600K, 37% used [0x0000000080000000,0x0000000082061b78,0x0000000085780000)
 Metaspace       used 56937K, capacity 59094K, committed 59136K, reserved 1099776K
  class space    used 7985K, capacity 8441K, committed 8448K, reserved 1048576K
Event: 14.137 GC heap after
Heap after GC invocations=15 (full 3):
 PSYoungGen      total 198656K, used 0K [0x00000000d5580000, 0x00000000e3380000, 0x0000000100000000)
  eden space 181760K, 0% used [0x00000000d5580000,0x00000000d5580000,0x00000000e0700000)
  from space 16896K, 0% used [0x00000000e1b80000,0x00000000e1b80000,0x00000000e2c00000)
  to   space 20992K, 0% used [0x00000000e0700000,0x00000000e0700000,0x00000000e1b80000)
 ParOldGen       total 137728K, used 36327K [0x0000000080000000, 0x0000000088680000, 0x00000000d5580000)
  object space 137728K, 26% used [0x0000000080000000,0x0000000082379fc0,0x0000000088680000)
 Metaspace       used 56924K, capacity 59052K, committed 59136K, reserved 1099776K
  class space    used 7981K, capacity 8434K, committed 8448K, reserved 1048576K
}

Deoptimization events (10 events):
Event: 14.226 Thread 0x0000022b2fbc6800 Uncommon trap: reason=unstable_if action=reinterpret pc=0x0000022b197d9398 method=java.lang.ClassLoader.checkCerts(Ljava/lang/String;Ljava/security/CodeSource;)V @ 29
Event: 14.288 Thread 0x0000022b2fbc6800 Uncommon trap: reason=unstable_if action=reinterpret pc=0x0000022b18cc31a4 method=com.esotericsoftware.kryo.io.Input.readString()Ljava/lang/String; @ 28
Event: 14.302 Thread 0x0000022b2fbc6800 Uncommon trap: reason=unstable_if action=reinterpret pc=0x0000022b18ad7278 method=com.esotericsoftware.kryo.io.Input.require(I)I @ 65
Event: 14.341 Thread 0x0000022b2fbc6800 Uncommon trap: reason=unstable_if action=reinterpret pc=0x0000022b18cac0d4 method=java.io.WinNTFileSystem.normalize(Ljava/lang/String;)Ljava/lang/String; @ 74
Event: 14.341 Thread 0x0000022b2fbc6800 Uncommon trap: reason=unstable_if action=reinterpret pc=0x0000022b19327504 method=java.io.WinNTFileSystem.normalize(Ljava/lang/String;II)Ljava/lang/String; @ 103
Event: 14.415 Thread 0x0000022b2fbc6800 Uncommon trap: reason=unstable_if action=reinterpret pc=0x0000022b197b0ba0 method=org.objectweb.asm.ByteVector.putInt(I)Lorg/objectweb/asm/ByteVector; @ 13
Event: 14.435 Thread 0x0000022b2fbc6800 Uncommon trap: reason=unstable_if action=reinterpret pc=0x0000022b18ca47c4 method=java.util.HashMap.resize()[Ljava/util/HashMap$Node; @ 206
Event: 14.435 Thread 0x0000022b2fbc6800 Uncommon trap: reason=unstable_if action=reinterpret pc=0x0000022b19745fc4 method=java.util.HashMap.getNode(ILjava/lang/Object;)Ljava/util/HashMap$Node; @ 84
Event: 14.435 Thread 0x0000022b2fbc6800 Uncommon trap: reason=unstable_if action=reinterpret pc=0x0000022b19992bf0 method=java.util.HashMap.getNode(ILjava/lang/Object;)Ljava/util/HashMap$Node; @ 84
Event: 14.435 Thread 0x0000022b2fbc6800 Uncommon trap: reason=unstable_if action=reinterpret pc=0x0000022b1986af24 method=java.util.HashMap.getNode(ILjava/lang/Object;)Ljava/util/HashMap$Node; @ 84

Classes redefined (0 events):
No events

Internal exceptions (10 events):
Event: 14.221 Thread 0x0000022b2fbc6800 Exception <a 'java/lang/ClassNotFoundException': org/gradle/api/internal/artifacts/configurations/DefaultConfigurationCustomizer> (0x00000000d5f33fc0) thrown at [C:\wsjdk\Corretto8Src\installers\windows\zip\corretto-build\buildRoot\hotspot\src\share\vm\cl
Event: 14.222 Thread 0x0000022b2fbc6800 Exception <a 'java/lang/ClassNotFoundException': org/gradle/api/internal/artifacts/configurations/DefaultConfiguration_DecoratedCustomizer> (0x00000000d5fdf958) thrown at [C:\wsjdk\Corretto8Src\installers\windows\zip\corretto-build\buildRoot\hotspot\src\s
Event: 14.226 Thread 0x0000022b2fbc6800 Implicit null exception at 0x0000022b197d8c32 to 0x0000022b197d9381
Event: 14.233 Thread 0x0000022b2fbc6800 Exception <a 'java/lang/ClassNotFoundException': org/codehaus/groovy/runtime/MethodClosureBeanInfo> (0x00000000d60de500) thrown at [C:\wsjdk\Corretto8Src\installers\windows\zip\corretto-build\buildRoot\hotspot\src\share\vm\classfile\systemDictionary.cpp, 
Event: 14.233 Thread 0x0000022b2fbc6800 Exception <a 'java/lang/ClassNotFoundException': org/codehaus/groovy/runtime/MethodClosureCustomizer> (0x00000000d60faee8) thrown at [C:\wsjdk\Corretto8Src\installers\windows\zip\corretto-build\buildRoot\hotspot\src\share\vm\classfile\systemDictionary.cpp
Event: 14.237 Thread 0x0000022b2fbc6800 Exception <a 'java/lang/ClassNotFoundException': org/gradle/api/internal/artifacts/configurations/DefaultConfiguration$ConfigurationResolvableDependencies_DecoratedBeanInfo> (0x00000000d6191b48) thrown at [C:\wsjdk\Corretto8Src\installers\windows\zip\corr
Event: 14.238 Thread 0x0000022b2fbc6800 Exception <a 'java/lang/ClassNotFoundException': org/gradle/api/internal/artifacts/configurations/DefaultConfiguration$ConfigurationResolvableDependenciesBeanInfo> (0x00000000d61e1b60) thrown at [C:\wsjdk\Corretto8Src\installers\windows\zip\corretto-build
Event: 14.239 Thread 0x0000022b2fbc6800 Exception <a 'java/lang/ClassNotFoundException': org/gradle/api/internal/artifacts/configurations/DefaultConfiguration$ConfigurationResolvableDependenciesCustomizer> (0x00000000d6233dd0) thrown at [C:\wsjdk\Corretto8Src\installers\windows\zip\corretto-bui
Event: 14.240 Thread 0x0000022b2fbc6800 Exception <a 'java/lang/ClassNotFoundException': org/gradle/api/internal/artifacts/configurations/DefaultConfiguration$ConfigurationResolvableDependencies_DecoratedCustomizer> (0x00000000d629f100) thrown at [C:\wsjdk\Corretto8Src\installers\windows\zip\co
Event: 14.342 Thread 0x0000022b2fbc6800 Exception <a 'java/lang/NoSuchMethodError': java.lang.Object.lambda$static$0(Lorg/gradle/api/internal/tasks/TaskDependencyResolveContext;)V> (0x00000000d67172f0) thrown at [C:\wsjdk\Corretto8Src\installers\windows\zip\corretto-build\buildRoot\hotspot\src\

Events (10 events):
Event: 14.436 loading class org/gradle/api/plugins/internal/DefaultJavaPluginConvention
Event: 14.436 loading class org/gradle/api/plugins/internal/DefaultJavaPluginConvention done
Event: 14.436 loading class org/gradle/api/tasks/compile/AbstractCompile
Event: 14.436 loading class org/gradle/api/tasks/compile/AbstractCompile done
Event: 14.436 loading class org/gradle/api/plugins/JavaBasePlugin
Event: 14.436 loading class org/gradle/api/plugins/JavaBasePlugin done
Event: 14.436 loading class org/gradle/api/JavaVersion
Event: 14.436 loading class org/gradle/api/JavaVersion done
Event: 14.436 loading class org/gradle/api/plugins/internal/DefaultJavaPluginConvention
Event: 14.436 loading class org/gradle/api/plugins/internal/DefaultJavaPluginConvention done


Dynamic libraries:
0x00007ff6878a0000 - 0x00007ff6878da000 	C:\Users\Marlou\.jdks\corretto-1.8.0_362\bin\java.exe
0x00007ffcebd50000 - 0x00007ffcebf48000 	C:\Windows\SYSTEM32\ntdll.dll
0x00007ffce9f60000 - 0x00007ffcea01f000 	C:\Windows\System32\KERNEL32.DLL
0x00007ffce9440000 - 0x00007ffce9712000 	C:\Windows\System32\KERNELBASE.dll
0x00007ffceba00000 - 0x00007ffcebaae000 	C:\Windows\System32\ADVAPI32.dll
0x00007ffce9ec0000 - 0x00007ffce9f5e000 	C:\Windows\System32\msvcrt.dll
0x00007ffceab90000 - 0x00007ffceac2c000 	C:\Windows\System32\sechost.dll
0x00007ffcea230000 - 0x00007ffcea355000 	C:\Windows\System32\RPCRT4.dll
0x00007ffceb2e0000 - 0x00007ffceb481000 	C:\Windows\System32\USER32.dll
0x00007ffce9b90000 - 0x00007ffce9bb2000 	C:\Windows\System32\win32u.dll
0x00007ffceb850000 - 0x00007ffceb87b000 	C:\Windows\System32\GDI32.dll
0x00007ffce9850000 - 0x00007ffce995f000 	C:\Windows\System32\gdi32full.dll
0x00007ffce97b0000 - 0x00007ffce984d000 	C:\Windows\System32\msvcp_win.dll
0x00007ffce9a90000 - 0x00007ffce9b90000 	C:\Windows\System32\ucrtbase.dll
0x00007ffce8840000 - 0x00007ffce8ada000 	C:\Windows\WinSxS\amd64_microsoft.windows.common-controls_6595b64144ccf1df_6.0.19041.1110_none_60b5254171f9507e\COMCTL32.dll
0x00007ffcea360000 - 0x00007ffcea392000 	C:\Windows\System32\IMM32.DLL
0x00007ffce90b0000 - 0x00007ffce90e3000 	C:\Windows\SYSTEM32\ntmarta.dll
0x00007ffce9300000 - 0x00007ffce9332000 	C:\Windows\SYSTEM32\SspiCli.dll
0x00007ffc9ec70000 - 0x00007ffc9ed5f000 	C:\Users\Marlou\.jdks\corretto-1.8.0_362\jre\bin\msvcr120.dll
0x00007ffca4dc0000 - 0x00007ffca4e66000 	C:\Users\Marlou\.jdks\corretto-1.8.0_362\jre\bin\msvcp120.dll
0x0000000052040000 - 0x00000000528b5000 	C:\Users\Marlou\.jdks\corretto-1.8.0_362\jre\bin\server\jvm.dll
0x00007ffceab80000 - 0x00007ffceab88000 	C:\Windows\System32\PSAPI.DLL
0x00007ffcd4350000 - 0x00007ffcd4359000 	C:\Windows\SYSTEM32\WSOCK32.dll
0x00007ffceb270000 - 0x00007ffceb2db000 	C:\Windows\System32\WS2_32.dll
0x00007ffce1f30000 - 0x00007ffce1f57000 	C:\Windows\SYSTEM32\WINMM.dll
0x00007ffcddf80000 - 0x00007ffcddf8a000 	C:\Windows\SYSTEM32\VERSION.dll
0x00007ffcdc9e0000 - 0x00007ffcdc9ef000 	C:\Users\Marlou\.jdks\corretto-1.8.0_362\jre\bin\verify.dll
0x00007ffca4d90000 - 0x00007ffca4db9000 	C:\Users\Marlou\.jdks\corretto-1.8.0_362\jre\bin\java.dll
0x00007ffcd4220000 - 0x00007ffcd4236000 	C:\Users\Marlou\.jdks\corretto-1.8.0_362\jre\bin\zip.dll
0x00007ffcea430000 - 0x00007ffceab75000 	C:\Windows\System32\SHELL32.dll
0x00007ffce6e70000 - 0x00007ffce7602000 	C:\Windows\SYSTEM32\windows.storage.dll
0x00007ffceb4f0000 - 0x00007ffceb845000 	C:\Windows\System32\combase.dll
0x00007ffce87a0000 - 0x00007ffce87d0000 	C:\Windows\SYSTEM32\Wldp.dll
0x00007ffceb880000 - 0x00007ffceb92d000 	C:\Windows\System32\SHCORE.dll
0x00007ffceb490000 - 0x00007ffceb4e5000 	C:\Windows\System32\shlwapi.dll
0x00007ffce9380000 - 0x00007ffce939f000 	C:\Windows\SYSTEM32\profapi.dll
0x00007ffcd0600000 - 0x00007ffcd061a000 	C:\Users\Marlou\.jdks\corretto-1.8.0_362\jre\bin\net.dll
0x00007ffce8670000 - 0x00007ffce86da000 	C:\Windows\system32\mswsock.dll
0x00007ffcb3340000 - 0x00007ffcb3352000 	C:\Users\Marlou\.jdks\corretto-1.8.0_362\jre\bin\nio.dll
0x00007ffca4e70000 - 0x00007ffca4e97000 	C:\Users\Marlou\.gradle\native\fdc75f09e3144964f2cf3f50f0aa648679c211496f362492102eb8c894070792\windows-amd64\native-platform.dll
0x00007ffc83510000 - 0x00007ffc836a6000 	C:\Users\Marlou\.gradle\native\12488b8bf47d2d4c9fbf2f6322a914ad602e24e48041cd04a747c6da556b65c4\windows-amd64\native-platform-file-events.dll
0x00007ffcb49d0000 - 0x00007ffcb49dd000 	C:\Users\Marlou\.jdks\corretto-1.8.0_362\jre\bin\management.dll
0x00007ffce91d0000 - 0x00007ffce91e8000 	C:\Windows\SYSTEM32\CRYPTSP.dll
0x00007ffce7e80000 - 0x00007ffce7eb4000 	C:\Windows\system32\rsaenh.dll
0x00007ffce9960000 - 0x00007ffce9987000 	C:\Windows\System32\bcrypt.dll
0x00007ffce9340000 - 0x00007ffce936e000 	C:\Windows\SYSTEM32\USERENV.dll
0x00007ffce9720000 - 0x00007ffce97a2000 	C:\Windows\System32\bcryptprimitives.dll
0x00007ffce8760000 - 0x00007ffce876c000 	C:\Windows\SYSTEM32\CRYPTBASE.dll
0x00007ffce81f0000 - 0x00007ffce822b000 	C:\Windows\SYSTEM32\IPHLPAPI.DLL
0x00007ffceb180000 - 0x00007ffceb188000 	C:\Windows\System32\NSI.dll
0x00007ffcdbdc0000 - 0x00007ffcdbdd7000 	C:\Windows\SYSTEM32\dhcpcsvc6.DLL
0x00007ffcdc830000 - 0x00007ffcdc84d000 	C:\Windows\SYSTEM32\dhcpcsvc.DLL
0x00007ffce8230000 - 0x00007ffce82fb000 	C:\Windows\SYSTEM32\DNSAPI.dll
0x00007ffcdded0000 - 0x00007ffcddedb000 	C:\Windows\SYSTEM32\WINNSI.DLL

VM Arguments:
jvm_args: -Xmx2048m -Dfile.encoding=windows-1252 -Duser.country=US -Duser.language=en -Duser.variant 
java_command: org.gradle.launcher.daemon.bootstrap.GradleDaemon 6.7.1
java_class_path (initial): C:\Users\Marlou\.gradle\wrapper\dists\gradle-6.7.1-all\2moa8rlfac5eqlcfgk98k0deb\gradle-6.7.1\lib\gradle-launcher-6.7.1.jar
Launcher Type: SUN_STANDARD

Environment Variables:
JAVA_HOME=C:\Program Files\Java\jdk-15.0.2
PATH=C:\Program Files (x86)\Common Files\Intel\Shared Libraries\redist\intel64\compiler;C:\Windows\System32\HWAudioDriverLibs;C:\Windows\system32;C:\Windows;C:\Windows\System32\Wbem;C:\Windows\System32\WindowsPowerShell\v1.0\;C:\Windows\System32\OpenSSH\;C:\Users\Marlou\Downloads\SmartCare\commandlinetools-win-8512546_latest\cmdline-tools\bin;C:\Program Files\Java\jdk-15.0.2\bin;C:\Windows\system32\config\systemprofile\AppData\Local\Microsoft\WindowsApps;C:\Program Files\Microsoft SQL Server\Client SDK\ODBC\170\Tools\Binn\;C:\Program Files (x86)\Microsoft SQL Server\160\DTS\Binn\;C:\Program Files\Azure Data Studio\bin;C:\Program Files\Microsoft SQL Server\150\Tools\Binn\;C:\Program Files\dotnet\;C:\xampp\php;C:\ProgramData\ComposerSetup\bin;C:\Program Files\Git\cmd;C:\Program Files (x86)\Microsoft SQL Server\150\Tools\Binn\;C:\Program Files\Microsoft SQL Server\150\DTS\Binn\;C:\Users\Marlou\AppData\Local\Programs\Python\Python311\Scripts;C:\Users\Marlou\AppData\Local\Programs\Python\Python311;C:\Users\Marlou\AppData\Local\Microsoft\WindowsApps;C:\Users\Marlou\AppData\Local\Programs\Microsoft VS Code\bin;C:\Program Files\Oracle\VirtualBox;D:\sqlite;;C:\Program Files\Azure Data Studio\bin;C:\Program Files\Azure Data Studio\bin;C:\Users\Marlou\.dotnet\tools;C:\Users\Marlou\AppData\Roaming\Composer\vendor\bin
USERNAME=Marlou
OS=Windows_NT
PROCESSOR_IDENTIFIER=Intel64 Family 6 Model 142 Stepping 12, GenuineIntel



---------------  S Y S T E M  ---------------

OS: Windows 10 , 64 bit Build 19041 (10.0.19041.2546)

CPU:total 4 (initial active 4) (2 cores per cpu, 2 threads per core) family 6 model 142 stepping 12, cmov, cx8, fxsr, mmx, sse, sse2, sse3, ssse3, sse4.1, sse4.2, popcnt, avx, avx2, aes, clmul, erms, 3dnowpref, lzcnt, ht, tsc, tscinvbit, bmi1, bmi2, adx

Memory: 4k page, physical 8218416k(450728k free), swap 10315568k(3840k free)

vm_info: OpenJDK 64-Bit Server VM (25.362-b08) for windows-amd64 JRE (1.8.0_362-b08), built on Jan 13 2023 13:30:12 by "Administrator" with MS VC++ 12.0 (VS2013)

time: Mon Feb 20 22:43:46 2023
timezone: Malay Peninsula Standard Time
elapsed time: 14.557039 seconds (0d 0h 0m 14s)

